{
  "/Users/oleksandrgribinuk/Desktop/videoAndChatApp/chatandvideo/src/App.js": {
    "path": "/Users/oleksandrgribinuk/Desktop/videoAndChatApp/chatandvideo/src/App.js",
    "statementMap": {
      "0": {
        "start": { "line": 11, "column": 13 },
        "end": { "line": 11, "column": 39 }
      },
      "1": {
        "start": { "line": 12, "column": 38 },
        "end": { "line": 12, "column": 56 }
      },
      "2": {
        "start": { "line": 14, "column": 2 },
        "end": { "line": 36, "column": 4 }
      }
    },
    "fnMap": {
      "0": {
        "name": "App",
        "decl": {
          "start": { "line": 10, "column": 9 },
          "end": { "line": 10, "column": 12 }
        },
        "loc": {
          "start": { "line": 10, "column": 15 },
          "end": { "line": 37, "column": 1 }
        },
        "line": 10
      }
    },
    "branchMap": {
      "0": {
        "loc": {
          "start": { "line": 16, "column": 7 },
          "end": { "line": 34, "column": 7 }
        },
        "type": "cond-expr",
        "locations": [
          {
            "start": { "line": 17, "column": 8 },
            "end": { "line": 17, "column": 17 }
          },
          {
            "start": { "line": 18, "column": 10 },
            "end": { "line": 34, "column": 7 }
          }
        ],
        "line": 16
      },
      "1": {
        "loc": {
          "start": { "line": 18, "column": 10 },
          "end": { "line": 34, "column": 7 }
        },
        "type": "cond-expr",
        "locations": [
          {
            "start": { "line": 19, "column": 8 },
            "end": { "line": 31, "column": 14 }
          },
          {
            "start": { "line": 33, "column": 8 },
            "end": { "line": 33, "column": 17 }
          }
        ],
        "line": 18
      }
    },
    "s": { "0": 0, "1": 0, "2": 0 },
    "f": { "0": 0 },
    "b": { "0": [0, 0], "1": [0, 0] }
  },
  "/Users/oleksandrgribinuk/Desktop/videoAndChatApp/chatandvideo/src/Chat.js": {
    "path": "/Users/oleksandrgribinuk/Desktop/videoAndChatApp/chatandvideo/src/Chat.js",
    "statementMap": {
      "0": {
        "start": { "line": 7, "column": 15 },
        "end": { "line": 7, "column": 35 }
      },
      "1": {
        "start": { "line": 8, "column": 15 },
        "end": { "line": 8, "column": 42 }
      },
      "2": {
        "start": { "line": 9, "column": 13 },
        "end": { "line": 9, "column": 39 }
      },
      "3": {
        "start": { "line": 10, "column": 28 },
        "end": { "line": 10, "column": 46 }
      },
      "4": {
        "start": { "line": 11, "column": 34 },
        "end": { "line": 11, "column": 52 }
      },
      "5": {
        "start": { "line": 12, "column": 34 },
        "end": { "line": 12, "column": 52 }
      },
      "6": {
        "start": { "line": 13, "column": 31 },
        "end": { "line": 13, "column": 49 }
      },
      "7": {
        "start": { "line": 14, "column": 21 },
        "end": { "line": 14, "column": 37 }
      },
      "8": {
        "start": { "line": 16, "column": 23 },
        "end": { "line": 25, "column": 3 }
      },
      "9": {
        "start": { "line": 17, "column": 4 },
        "end": { "line": 24, "column": 5 }
      },
      "10": {
        "start": { "line": 18, "column": 6 },
        "end": { "line": 18, "column": 29 }
      },
      "11": {
        "start": { "line": 19, "column": 6 },
        "end": { "line": 21, "column": 9 }
      },
      "12": {
        "start": { "line": 20, "column": 8 },
        "end": { "line": 20, "column": 49 }
      },
      "13": {
        "start": { "line": 23, "column": 6 },
        "end": { "line": 23, "column": 21 }
      },
      "14": {
        "start": { "line": 27, "column": 2 },
        "end": { "line": 31, "column": 15 }
      },
      "15": {
        "start": { "line": 28, "column": 4 },
        "end": { "line": 30, "column": 5 }
      },
      "16": {
        "start": { "line": 29, "column": 6 },
        "end": { "line": 29, "column": 70 }
      },
      "17": {
        "start": { "line": 33, "column": 22 },
        "end": { "line": 41, "column": 3 }
      },
      "18": {
        "start": { "line": 34, "column": 4 },
        "end": { "line": 34, "column": 23 }
      },
      "19": {
        "start": { "line": 36, "column": 4 },
        "end": { "line": 36, "column": 45 }
      },
      "20": {
        "start": { "line": 38, "column": 4 },
        "end": { "line": 38, "column": 23 }
      },
      "21": {
        "start": { "line": 40, "column": 4 },
        "end": { "line": 40, "column": 17 }
      },
      "22": {
        "start": { "line": 43, "column": 2 },
        "end": { "line": 91, "column": 4 }
      },
      "23": {
        "start": { "line": 64, "column": 10 },
        "end": { "line": 74, "column": 14 }
      },
      "24": {
        "start": { "line": 81, "column": 29 },
        "end": { "line": 81, "column": 53 }
      }
    },
    "fnMap": {
      "0": {
        "name": "Chat",
        "decl": {
          "start": { "line": 6, "column": 9 },
          "end": { "line": 6, "column": 13 }
        },
        "loc": {
          "start": { "line": 6, "column": 16 },
          "end": { "line": 92, "column": 1 }
        },
        "line": 6
      },
      "1": {
        "name": "(anonymous_1)",
        "decl": {
          "start": { "line": 16, "column": 23 },
          "end": { "line": 16, "column": 24 }
        },
        "loc": {
          "start": { "line": 16, "column": 40 },
          "end": { "line": 25, "column": 3 }
        },
        "line": 16
      },
      "2": {
        "name": "(anonymous_2)",
        "decl": {
          "start": { "line": 19, "column": 49 },
          "end": { "line": 19, "column": 50 }
        },
        "loc": {
          "start": { "line": 19, "column": 55 },
          "end": { "line": 21, "column": 7 }
        },
        "line": 19
      },
      "3": {
        "name": "(anonymous_3)",
        "decl": {
          "start": { "line": 27, "column": 18 },
          "end": { "line": 27, "column": 19 }
        },
        "loc": {
          "start": { "line": 27, "column": 24 },
          "end": { "line": 31, "column": 3 }
        },
        "line": 27
      },
      "4": {
        "name": "(anonymous_4)",
        "decl": {
          "start": { "line": 33, "column": 22 },
          "end": { "line": 33, "column": 23 }
        },
        "loc": {
          "start": { "line": 33, "column": 29 },
          "end": { "line": 41, "column": 3 }
        },
        "line": 33
      },
      "5": {
        "name": "(anonymous_5)",
        "decl": {
          "start": { "line": 63, "column": 24 },
          "end": { "line": 63, "column": 25 }
        },
        "loc": {
          "start": { "line": 64, "column": 10 },
          "end": { "line": 74, "column": 14 }
        },
        "line": 64
      },
      "6": {
        "name": "(anonymous_6)",
        "decl": {
          "start": { "line": 81, "column": 22 },
          "end": { "line": 81, "column": 23 }
        },
        "loc": {
          "start": { "line": 81, "column": 29 },
          "end": { "line": 81, "column": 53 }
        },
        "line": 81
      }
    },
    "branchMap": {
      "0": {
        "loc": {
          "start": { "line": 28, "column": 4 },
          "end": { "line": 30, "column": 5 }
        },
        "type": "if",
        "locations": [
          {
            "start": { "line": 28, "column": 4 },
            "end": { "line": 30, "column": 5 }
          },
          {
            "start": { "line": 28, "column": 4 },
            "end": { "line": 30, "column": 5 }
          }
        ],
        "line": 28
      },
      "1": {
        "loc": {
          "start": { "line": 66, "column": 14 },
          "end": { "line": 66, "column": 66 }
        },
        "type": "binary-expr",
        "locations": [
          {
            "start": { "line": 66, "column": 14 },
            "end": { "line": 66, "column": 47 }
          },
          {
            "start": { "line": 66, "column": 51 },
            "end": { "line": 66, "column": 66 }
          }
        ],
        "line": 66
      }
    },
    "s": {
      "0": 0,
      "1": 0,
      "2": 0,
      "3": 0,
      "4": 0,
      "5": 0,
      "6": 0,
      "7": 0,
      "8": 0,
      "9": 0,
      "10": 0,
      "11": 0,
      "12": 0,
      "13": 0,
      "14": 0,
      "15": 0,
      "16": 0,
      "17": 0,
      "18": 0,
      "19": 0,
      "20": 0,
      "21": 0,
      "22": 0,
      "23": 0,
      "24": 0
    },
    "f": { "0": 0, "1": 0, "2": 0, "3": 0, "4": 0, "5": 0, "6": 0 },
    "b": { "0": [0, 0], "1": [0, 0] }
  },
  "/Users/oleksandrgribinuk/Desktop/videoAndChatApp/chatandvideo/src/LeftChats.js": {
    "path": "/Users/oleksandrgribinuk/Desktop/videoAndChatApp/chatandvideo/src/LeftChats.js",
    "statementMap": {
      "0": {
        "start": { "line": 8, "column": 34 },
        "end": { "line": 8, "column": 52 }
      },
      "1": {
        "start": { "line": 9, "column": 2 },
        "end": { "line": 13, "column": 11 }
      },
      "2": {
        "start": { "line": 10, "column": 4 },
        "end": { "line": 12, "column": 5 }
      },
      "3": {
        "start": { "line": 11, "column": 6 },
        "end": { "line": 11, "column": 32 }
      },
      "4": {
        "start": { "line": 14, "column": 21 },
        "end": { "line": 21, "column": 3 }
      },
      "5": {
        "start": { "line": 15, "column": 21 },
        "end": { "line": 15, "column": 51 }
      },
      "6": {
        "start": { "line": 16, "column": 4 },
        "end": { "line": 20, "column": 5 }
      },
      "7": {
        "start": { "line": 19, "column": 6 },
        "end": { "line": 19, "column": 27 }
      },
      "8": {
        "start": { "line": 22, "column": 2 },
        "end": { "line": 36, "column": 4 }
      }
    },
    "fnMap": {
      "0": {
        "name": "LeftChats",
        "decl": {
          "start": { "line": 7, "column": 9 },
          "end": { "line": 7, "column": 18 }
        },
        "loc": {
          "start": { "line": 7, "column": 42 },
          "end": { "line": 37, "column": 1 }
        },
        "line": 7
      },
      "1": {
        "name": "(anonymous_1)",
        "decl": {
          "start": { "line": 9, "column": 18 },
          "end": { "line": 9, "column": 19 }
        },
        "loc": {
          "start": { "line": 9, "column": 24 },
          "end": { "line": 13, "column": 3 }
        },
        "line": 9
      },
      "2": {
        "name": "(anonymous_2)",
        "decl": {
          "start": { "line": 14, "column": 21 },
          "end": { "line": 14, "column": 22 }
        },
        "loc": {
          "start": { "line": 14, "column": 27 },
          "end": { "line": 21, "column": 3 }
        },
        "line": 14
      }
    },
    "branchMap": {
      "0": {
        "loc": {
          "start": { "line": 10, "column": 4 },
          "end": { "line": 12, "column": 5 }
        },
        "type": "if",
        "locations": [
          {
            "start": { "line": 10, "column": 4 },
            "end": { "line": 12, "column": 5 }
          },
          {
            "start": { "line": 10, "column": 4 },
            "end": { "line": 12, "column": 5 }
          }
        ],
        "line": 10
      },
      "1": {
        "loc": {
          "start": { "line": 16, "column": 4 },
          "end": { "line": 20, "column": 5 }
        },
        "type": "if",
        "locations": [
          {
            "start": { "line": 16, "column": 4 },
            "end": { "line": 20, "column": 5 }
          },
          {
            "start": { "line": 16, "column": 4 },
            "end": { "line": 20, "column": 5 }
          }
        ],
        "line": 16
      },
      "2": {
        "loc": {
          "start": { "line": 22, "column": 9 },
          "end": { "line": 36, "column": 3 }
        },
        "type": "cond-expr",
        "locations": [
          {
            "start": { "line": 23, "column": 4 },
            "end": { "line": 31, "column": 11 }
          },
          {
            "start": { "line": 33, "column": 4 },
            "end": { "line": 35, "column": 10 }
          }
        ],
        "line": 22
      }
    },
    "s": {
      "0": 0,
      "1": 0,
      "2": 0,
      "3": 0,
      "4": 0,
      "5": 0,
      "6": 0,
      "7": 0,
      "8": 0
    },
    "f": { "0": 0, "1": 0, "2": 0 },
    "b": { "0": [0, 0], "1": [0, 0], "2": [0, 0] }
  },
  "/Users/oleksandrgribinuk/Desktop/videoAndChatApp/chatandvideo/src/Leftpart.js": {
    "path": "/Users/oleksandrgribinuk/Desktop/videoAndChatApp/chatandvideo/src/Leftpart.js",
    "statementMap": {
      "0": {
        "start": { "line": 10, "column": 15 },
        "end": { "line": 10, "column": 35 }
      },
      "1": {
        "start": { "line": 11, "column": 13 },
        "end": { "line": 11, "column": 39 }
      },
      "2": {
        "start": { "line": 12, "column": 28 },
        "end": { "line": 12, "column": 46 }
      },
      "3": {
        "start": { "line": 13, "column": 31 },
        "end": { "line": 13, "column": 49 }
      },
      "4": {
        "start": { "line": 15, "column": 2 },
        "end": { "line": 17, "column": 9 }
      },
      "5": {
        "start": { "line": 16, "column": 4 },
        "end": { "line": 16, "column": 36 }
      },
      "6": {
        "start": { "line": 18, "column": 2 },
        "end": { "line": 44, "column": 4 }
      },
      "7": {
        "start": { "line": 40, "column": 10 },
        "end": { "line": 40, "column": 72 }
      }
    },
    "fnMap": {
      "0": {
        "name": "Leftpart",
        "decl": {
          "start": { "line": 9, "column": 9 },
          "end": { "line": 9, "column": 17 }
        },
        "loc": {
          "start": { "line": 9, "column": 20 },
          "end": { "line": 45, "column": 1 }
        },
        "line": 9
      },
      "1": {
        "name": "(anonymous_1)",
        "decl": {
          "start": { "line": 15, "column": 18 },
          "end": { "line": 15, "column": 19 }
        },
        "loc": {
          "start": { "line": 15, "column": 24 },
          "end": { "line": 17, "column": 3 }
        },
        "line": 15
      },
      "2": {
        "name": "(anonymous_2)",
        "decl": {
          "start": { "line": 39, "column": 21 },
          "end": { "line": 39, "column": 22 }
        },
        "loc": {
          "start": { "line": 40, "column": 10 },
          "end": { "line": 40, "column": 72 }
        },
        "line": 40
      }
    },
    "branchMap": {},
    "s": { "0": 0, "1": 0, "2": 0, "3": 0, "4": 0, "5": 0, "6": 0, "7": 0 },
    "f": { "0": 0, "1": 0, "2": 0 },
    "b": {}
  },
  "/Users/oleksandrgribinuk/Desktop/videoAndChatApp/chatandvideo/src/Login.js": {
    "path": "/Users/oleksandrgribinuk/Desktop/videoAndChatApp/chatandvideo/src/Login.js",
    "statementMap": {
      "0": {
        "start": { "line": 7, "column": 13 },
        "end": { "line": 7, "column": 39 }
      },
      "1": {
        "start": { "line": 8, "column": 15 },
        "end": { "line": 8, "column": 35 }
      },
      "2": {
        "start": { "line": 9, "column": 25 },
        "end": { "line": 9, "column": 43 }
      },
      "3": {
        "start": { "line": 10, "column": 2 },
        "end": { "line": 25, "column": 4 }
      }
    },
    "fnMap": {
      "0": {
        "name": "Login",
        "decl": {
          "start": { "line": 6, "column": 9 },
          "end": { "line": 6, "column": 14 }
        },
        "loc": {
          "start": { "line": 6, "column": 17 },
          "end": { "line": 26, "column": 1 }
        },
        "line": 6
      }
    },
    "branchMap": {},
    "s": { "0": 0, "1": 0, "2": 0, "3": 0 },
    "f": { "0": 0 },
    "b": {}
  },
  "/Users/oleksandrgribinuk/Desktop/videoAndChatApp/chatandvideo/src/StateProvider.js": {
    "path": "/Users/oleksandrgribinuk/Desktop/videoAndChatApp/chatandvideo/src/StateProvider.js",
    "statementMap": {
      "0": {
        "start": { "line": 3, "column": 28 },
        "end": { "line": 3, "column": 49 }
      },
      "1": {
        "start": { "line": 5, "column": 29 },
        "end": { "line": 9, "column": 1 }
      },
      "2": {
        "start": { "line": 6, "column": 2 },
        "end": { "line": 8, "column": 26 }
      },
      "3": {
        "start": { "line": 11, "column": 29 },
        "end": { "line": 11, "column": 65 }
      },
      "4": {
        "start": { "line": 11, "column": 35 },
        "end": { "line": 11, "column": 65 }
      }
    },
    "fnMap": {
      "0": {
        "name": "(anonymous_0)",
        "decl": {
          "start": { "line": 5, "column": 29 },
          "end": { "line": 5, "column": 30 }
        },
        "loc": {
          "start": { "line": 6, "column": 2 },
          "end": { "line": 8, "column": 26 }
        },
        "line": 6
      },
      "1": {
        "name": "(anonymous_1)",
        "decl": {
          "start": { "line": 11, "column": 29 },
          "end": { "line": 11, "column": 30 }
        },
        "loc": {
          "start": { "line": 11, "column": 35 },
          "end": { "line": 11, "column": 65 }
        },
        "line": 11
      }
    },
    "branchMap": {},
    "s": { "0": 0, "1": 0, "2": 0, "3": 0, "4": 0 },
    "f": { "0": 0, "1": 0 },
    "b": {}
  },
  "/Users/oleksandrgribinuk/Desktop/videoAndChatApp/chatandvideo/src/firebase.js": {
    "path": "/Users/oleksandrgribinuk/Desktop/videoAndChatApp/chatandvideo/src/firebase.js",
    "statementMap": {
      "0": {
        "start": { "line": 2, "column": 23 },
        "end": { "line": 11, "column": 1 }
      },
      "1": {
        "start": { "line": 13, "column": 20 },
        "end": { "line": 13, "column": 58 }
      },
      "2": {
        "start": { "line": 15, "column": 11 },
        "end": { "line": 15, "column": 34 }
      },
      "3": {
        "start": { "line": 16, "column": 20 },
        "end": { "line": 16, "column": 35 }
      },
      "4": {
        "start": { "line": 17, "column": 24 },
        "end": { "line": 17, "column": 62 }
      }
    },
    "fnMap": {},
    "branchMap": {},
    "s": { "0": 0, "1": 0, "2": 0, "3": 0, "4": 0 },
    "f": {},
    "b": {}
  },
  "/Users/oleksandrgribinuk/Desktop/videoAndChatApp/chatandvideo/src/reducer.js": {
    "path": "/Users/oleksandrgribinuk/Desktop/videoAndChatApp/chatandvideo/src/reducer.js",
    "statementMap": {
      "0": {
        "start": { "line": 1, "column": 28 },
        "end": { "line": 5, "column": 1 }
      },
      "1": {
        "start": { "line": 7, "column": 27 },
        "end": { "line": 11, "column": 1 }
      },
      "2": {
        "start": { "line": 13, "column": 16 },
        "end": { "line": 35, "column": 1 }
      },
      "3": {
        "start": { "line": 14, "column": 2 },
        "end": { "line": 14, "column": 22 }
      },
      "4": {
        "start": { "line": 15, "column": 2 },
        "end": { "line": 34, "column": 3 }
      },
      "5": {
        "start": { "line": 17, "column": 6 },
        "end": { "line": 20, "column": 8 }
      },
      "6": {
        "start": { "line": 22, "column": 6 },
        "end": { "line": 25, "column": 8 }
      },
      "7": {
        "start": { "line": 27, "column": 6 },
        "end": { "line": 30, "column": 8 }
      },
      "8": {
        "start": { "line": 33, "column": 6 },
        "end": { "line": 33, "column": 19 }
      }
    },
    "fnMap": {
      "0": {
        "name": "(anonymous_0)",
        "decl": {
          "start": { "line": 13, "column": 16 },
          "end": { "line": 13, "column": 17 }
        },
        "loc": {
          "start": { "line": 13, "column": 35 },
          "end": { "line": 35, "column": 1 }
        },
        "line": 13
      }
    },
    "branchMap": {
      "0": {
        "loc": {
          "start": { "line": 15, "column": 2 },
          "end": { "line": 34, "column": 3 }
        },
        "type": "switch",
        "locations": [
          {
            "start": { "line": 16, "column": 4 },
            "end": { "line": 20, "column": 8 }
          },
          {
            "start": { "line": 21, "column": 4 },
            "end": { "line": 25, "column": 8 }
          },
          {
            "start": { "line": 26, "column": 4 },
            "end": { "line": 30, "column": 8 }
          },
          {
            "start": { "line": 32, "column": 4 },
            "end": { "line": 33, "column": 19 }
          }
        ],
        "line": 15
      }
    },
    "s": {
      "0": 0,
      "1": 0,
      "2": 0,
      "3": 0,
      "4": 0,
      "5": 0,
      "6": 0,
      "7": 0,
      "8": 0
    },
    "f": { "0": 0 },
    "b": { "0": [0, 0, 0, 0] }
  },
  "/Users/oleksandrgribinuk/Desktop/videoAndChatApp/chatandvideo/src/service.js": {
    "path": "/Users/oleksandrgribinuk/Desktop/videoAndChatApp/chatandvideo/src/service.js",
    "statementMap": {
      "0": {
        "start": { "line": 8, "column": 2 },
        "end": { "line": 14, "column": 7 }
      },
      "1": {
        "start": { "line": 18, "column": 2 },
        "end": { "line": 26, "column": 7 }
      },
      "2": {
        "start": { "line": 21, "column": 6 },
        "end": { "line": 21, "column": 40 }
      },
      "3": {
        "start": { "line": 22, "column": 6 },
        "end": { "line": 25, "column": 9 }
      },
      "4": {
        "start": { "line": 28, "column": 2 },
        "end": { "line": 34, "column": 7 }
      },
      "5": {
        "start": { "line": 33, "column": 6 },
        "end": { "line": 33, "column": 58 }
      },
      "6": {
        "start": { "line": 33, "column": 45 },
        "end": { "line": 33, "column": 55 }
      },
      "7": {
        "start": { "line": 38, "column": 2 },
        "end": { "line": 42, "column": 5 }
      },
      "8": {
        "start": { "line": 45, "column": 20 },
        "end": { "line": 63, "column": 1 }
      },
      "9": {
        "start": { "line": 46, "column": 2 },
        "end": { "line": 62, "column": 7 }
      },
      "10": {
        "start": { "line": 56, "column": 24 },
        "end": { "line": 56, "column": 39 }
      },
      "11": {
        "start": { "line": 58, "column": 6 },
        "end": { "line": 61, "column": 9 }
      },
      "12": {
        "start": { "line": 66, "column": 2 },
        "end": { "line": 72, "column": 7 }
      },
      "13": {
        "start": { "line": 71, "column": 6 },
        "end": { "line": 71, "column": 58 }
      },
      "14": {
        "start": { "line": 71, "column": 45 },
        "end": { "line": 71, "column": 55 }
      },
      "15": {
        "start": { "line": 76, "column": 2 },
        "end": { "line": 78, "column": 5 }
      },
      "16": {
        "start": { "line": 82, "column": 2 },
        "end": { "line": 89, "column": 4 }
      },
      "17": {
        "start": { "line": 83, "column": 4 },
        "end": { "line": 88, "column": 5 }
      },
      "18": {
        "start": { "line": 84, "column": 34 },
        "end": { "line": 87, "column": 7 }
      },
      "19": {
        "start": { "line": 93, "column": 2 },
        "end": { "line": 98, "column": 4 }
      },
      "20": {
        "start": { "line": 94, "column": 4 },
        "end": { "line": 97, "column": 7 }
      },
      "21": {
        "start": { "line": 101, "column": 0 },
        "end": { "line": 126, "column": 2 }
      },
      "22": {
        "start": { "line": 103, "column": 2 },
        "end": { "line": 105, "column": 3 }
      },
      "23": {
        "start": { "line": 104, "column": 4 },
        "end": { "line": 104, "column": 55 }
      },
      "24": {
        "start": { "line": 106, "column": 10 },
        "end": { "line": 106, "column": 22 }
      },
      "25": {
        "start": { "line": 107, "column": 12 },
        "end": { "line": 107, "column": 26 }
      },
      "26": {
        "start": { "line": 108, "column": 2 },
        "end": { "line": 110, "column": 3 }
      },
      "27": {
        "start": { "line": 109, "column": 4 },
        "end": { "line": 109, "column": 57 }
      },
      "28": {
        "start": { "line": 111, "column": 2 },
        "end": { "line": 113, "column": 3 }
      },
      "29": {
        "start": { "line": 112, "column": 4 },
        "end": { "line": 112, "column": 21 }
      },
      "30": {
        "start": { "line": 114, "column": 2 },
        "end": { "line": 114, "column": 21 }
      },
      "31": {
        "start": { "line": 115, "column": 2 },
        "end": { "line": 115, "column": 8 }
      },
      "32": {
        "start": { "line": 116, "column": 2 },
        "end": { "line": 124, "column": 3 }
      },
      "33": {
        "start": { "line": 118, "column": 4 },
        "end": { "line": 122, "column": 5 }
      },
      "34": {
        "start": { "line": 119, "column": 6 },
        "end": { "line": 119, "column": 20 }
      },
      "35": {
        "start": { "line": 120, "column": 6 },
        "end": { "line": 120, "column": 51 }
      },
      "36": {
        "start": { "line": 121, "column": 6 },
        "end": { "line": 121, "column": 25 }
      },
      "37": {
        "start": { "line": 123, "column": 4 },
        "end": { "line": 123, "column": 8 }
      },
      "38": {
        "start": { "line": 125, "column": 2 },
        "end": { "line": 125, "column": 11 }
      }
    },
    "fnMap": {
      "0": {
        "name": "jwtExists",
        "decl": {
          "start": { "line": 7, "column": 16 },
          "end": { "line": 7, "column": 25 }
        },
        "loc": {
          "start": { "line": 7, "column": 40 },
          "end": { "line": 15, "column": 1 }
        },
        "line": 7
      },
      "1": {
        "name": "roomNameExists",
        "decl": {
          "start": { "line": 17, "column": 16 },
          "end": { "line": 17, "column": 30 }
        },
        "loc": {
          "start": { "line": 17, "column": 83 },
          "end": { "line": 35, "column": 1 }
        },
        "line": 17
      },
      "2": {
        "name": "(anonymous_2)",
        "decl": {
          "start": { "line": 20, "column": 16 },
          "end": { "line": 20, "column": 17 }
        },
        "loc": {
          "start": { "line": 20, "column": 30 },
          "end": { "line": 26, "column": 5 }
        },
        "line": 20
      },
      "3": {
        "name": "(anonymous_3)",
        "decl": {
          "start": { "line": 32, "column": 16 },
          "end": { "line": 32, "column": 17 }
        },
        "loc": {
          "start": { "line": 32, "column": 30 },
          "end": { "line": 34, "column": 5 }
        },
        "line": 32
      },
      "4": {
        "name": "(anonymous_4)",
        "decl": {
          "start": { "line": 33, "column": 36 },
          "end": { "line": 33, "column": 37 }
        },
        "loc": {
          "start": { "line": 33, "column": 45 },
          "end": { "line": 33, "column": 55 }
        },
        "line": 33
      },
      "5": {
        "name": "sendMessageFun",
        "decl": {
          "start": { "line": 37, "column": 16 },
          "end": { "line": 37, "column": 30 }
        },
        "loc": {
          "start": { "line": 37, "column": 52 },
          "end": { "line": 43, "column": 1 }
        },
        "line": 37
      },
      "6": {
        "name": "(anonymous_6)",
        "decl": {
          "start": { "line": 45, "column": 20 },
          "end": { "line": 45, "column": 21 }
        },
        "loc": {
          "start": { "line": 45, "column": 46 },
          "end": { "line": 63, "column": 1 }
        },
        "line": 45
      },
      "7": {
        "name": "(anonymous_7)",
        "decl": {
          "start": { "line": 56, "column": 10 },
          "end": { "line": 56, "column": 11 }
        },
        "loc": {
          "start": { "line": 56, "column": 24 },
          "end": { "line": 56, "column": 39 }
        },
        "line": 56
      },
      "8": {
        "name": "(anonymous_8)",
        "decl": {
          "start": { "line": 57, "column": 10 },
          "end": { "line": 57, "column": 11 }
        },
        "loc": {
          "start": { "line": 57, "column": 24 },
          "end": { "line": 62, "column": 5 }
        },
        "line": 57
      },
      "9": {
        "name": "idExists",
        "decl": {
          "start": { "line": 65, "column": 16 },
          "end": { "line": 65, "column": 24 }
        },
        "loc": {
          "start": { "line": 65, "column": 42 },
          "end": { "line": 73, "column": 1 }
        },
        "line": 65
      },
      "10": {
        "name": "(anonymous_10)",
        "decl": {
          "start": { "line": 70, "column": 16 },
          "end": { "line": 70, "column": 17 }
        },
        "loc": {
          "start": { "line": 70, "column": 30 },
          "end": { "line": 72, "column": 5 }
        },
        "line": 70
      },
      "11": {
        "name": "(anonymous_11)",
        "decl": {
          "start": { "line": 71, "column": 36 },
          "end": { "line": 71, "column": 37 }
        },
        "loc": {
          "start": { "line": 71, "column": 45 },
          "end": { "line": 71, "column": 55 }
        },
        "line": 71
      },
      "12": {
        "name": "createRoom",
        "decl": {
          "start": { "line": 75, "column": 16 },
          "end": { "line": 75, "column": 26 }
        },
        "loc": {
          "start": { "line": 75, "column": 37 },
          "end": { "line": 79, "column": 1 }
        },
        "line": 75
      },
      "13": {
        "name": "refreshDB",
        "decl": {
          "start": { "line": 81, "column": 16 },
          "end": { "line": 81, "column": 25 }
        },
        "loc": {
          "start": { "line": 81, "column": 36 },
          "end": { "line": 90, "column": 1 }
        },
        "line": 81
      },
      "14": {
        "name": "(anonymous_14)",
        "decl": {
          "start": { "line": 82, "column": 36 },
          "end": { "line": 82, "column": 37 }
        },
        "loc": {
          "start": { "line": 83, "column": 4 },
          "end": { "line": 88, "column": 5 }
        },
        "line": 83
      },
      "15": {
        "name": "(anonymous_15)",
        "decl": {
          "start": { "line": 84, "column": 24 },
          "end": { "line": 84, "column": 25 }
        },
        "loc": {
          "start": { "line": 84, "column": 34 },
          "end": { "line": 87, "column": 7 }
        },
        "line": 84
      },
      "16": {
        "name": "vid",
        "decl": {
          "start": { "line": 92, "column": 16 },
          "end": { "line": 92, "column": 19 }
        },
        "loc": {
          "start": { "line": 92, "column": 35 },
          "end": { "line": 99, "column": 1 }
        },
        "line": 92
      },
      "17": {
        "name": "(anonymous_17)",
        "decl": {
          "start": { "line": 93, "column": 9 },
          "end": { "line": 93, "column": 10 }
        },
        "loc": {
          "start": { "line": 93, "column": 15 },
          "end": { "line": 98, "column": 3 }
        },
        "line": 93
      },
      "18": {
        "name": "(anonymous_18)",
        "decl": {
          "start": { "line": 101, "column": 24 },
          "end": { "line": 101, "column": 25 }
        },
        "loc": {
          "start": { "line": 101, "column": 58 },
          "end": { "line": 126, "column": 1 }
        },
        "line": 101
      }
    },
    "branchMap": {
      "0": {
        "loc": {
          "start": { "line": 103, "column": 2 },
          "end": { "line": 105, "column": 3 }
        },
        "type": "if",
        "locations": [
          {
            "start": { "line": 103, "column": 2 },
            "end": { "line": 105, "column": 3 }
          },
          {
            "start": { "line": 103, "column": 2 },
            "end": { "line": 105, "column": 3 }
          }
        ],
        "line": 103
      },
      "1": {
        "loc": {
          "start": { "line": 108, "column": 2 },
          "end": { "line": 110, "column": 3 }
        },
        "type": "if",
        "locations": [
          {
            "start": { "line": 108, "column": 2 },
            "end": { "line": 110, "column": 3 }
          },
          {
            "start": { "line": 108, "column": 2 },
            "end": { "line": 110, "column": 3 }
          }
        ],
        "line": 108
      },
      "2": {
        "loc": {
          "start": { "line": 111, "column": 2 },
          "end": { "line": 113, "column": 3 }
        },
        "type": "if",
        "locations": [
          {
            "start": { "line": 111, "column": 2 },
            "end": { "line": 113, "column": 3 }
          },
          {
            "start": { "line": 111, "column": 2 },
            "end": { "line": 113, "column": 3 }
          }
        ],
        "line": 111
      },
      "3": {
        "loc": {
          "start": { "line": 118, "column": 4 },
          "end": { "line": 122, "column": 5 }
        },
        "type": "if",
        "locations": [
          {
            "start": { "line": 118, "column": 4 },
            "end": { "line": 122, "column": 5 }
          },
          {
            "start": { "line": 118, "column": 4 },
            "end": { "line": 122, "column": 5 }
          }
        ],
        "line": 118
      }
    },
    "s": {
      "0": 0,
      "1": 0,
      "2": 0,
      "3": 0,
      "4": 0,
      "5": 0,
      "6": 0,
      "7": 0,
      "8": 0,
      "9": 0,
      "10": 0,
      "11": 0,
      "12": 0,
      "13": 0,
      "14": 0,
      "15": 0,
      "16": 0,
      "17": 0,
      "18": 0,
      "19": 0,
      "20": 0,
      "21": 0,
      "22": 0,
      "23": 0,
      "24": 0,
      "25": 0,
      "26": 0,
      "27": 0,
      "28": 0,
      "29": 0,
      "30": 0,
      "31": 0,
      "32": 0,
      "33": 0,
      "34": 0,
      "35": 0,
      "36": 0,
      "37": 0,
      "38": 0
    },
    "f": {
      "0": 0,
      "1": 0,
      "2": 0,
      "3": 0,
      "4": 0,
      "5": 0,
      "6": 0,
      "7": 0,
      "8": 0,
      "9": 0,
      "10": 0,
      "11": 0,
      "12": 0,
      "13": 0,
      "14": 0,
      "15": 0,
      "16": 0,
      "17": 0,
      "18": 0
    },
    "b": { "0": [0, 0], "1": [0, 0], "2": [0, 0], "3": [0, 0] }
  },
  "/Users/oleksandrgribinuk/Desktop/videoAndChatApp/chatandvideo/src/video.js": {
    "path": "/Users/oleksandrgribinuk/Desktop/videoAndChatApp/chatandvideo/src/video.js",
    "statementMap": {
      "0": {
        "start": { "line": 6, "column": 11 },
        "end": { "line": 6, "column": 27 }
      },
      "1": {
        "start": { "line": 9, "column": 13 },
        "end": { "line": 9, "column": 39 }
      },
      "2": {
        "start": { "line": 10, "column": 42 },
        "end": { "line": 10, "column": 60 }
      },
      "3": {
        "start": { "line": 11, "column": 22 },
        "end": { "line": 11, "column": 33 }
      },
      "4": {
        "start": { "line": 12, "column": 23 },
        "end": { "line": 12, "column": 34 }
      },
      "5": {
        "start": { "line": 14, "column": 2 },
        "end": { "line": 16, "column": 5 }
      },
      "6": {
        "start": { "line": 14, "column": 21 },
        "end": { "line": 14, "column": 79 }
      },
      "7": {
        "start": { "line": 18, "column": 2 },
        "end": { "line": 29, "column": 4 }
      }
    },
    "fnMap": {
      "0": {
        "name": "Video",
        "decl": {
          "start": { "line": 8, "column": 9 },
          "end": { "line": 8, "column": 14 }
        },
        "loc": {
          "start": { "line": 8, "column": 17 },
          "end": { "line": 30, "column": 1 }
        },
        "line": 8
      },
      "1": {
        "name": "(anonymous_1)",
        "decl": {
          "start": { "line": 14, "column": 15 },
          "end": { "line": 14, "column": 16 }
        },
        "loc": {
          "start": { "line": 14, "column": 21 },
          "end": { "line": 14, "column": 79 }
        },
        "line": 14
      }
    },
    "branchMap": {},
    "s": { "0": 0, "1": 0, "2": 0, "3": 0, "4": 0, "5": 0, "6": 0, "7": 0 },
    "f": { "0": 0, "1": 0 },
    "b": {}
  }
}
